==2725== Memcheck, a memory error detector
==2725== Copyright (C) 2002-2013, and GNU GPL'd, by Julian Seward et al.
==2725== Using Valgrind-3.10.1 and LibVEX; rerun with -h for copyright info
==2725== Command: ./fightclub
==2725== Parent PID: 2724
==2725== 
--2725-- 
--2725-- Valgrind options:
--2725--    -v
--2725--    --tool=memcheck
--2725--    --leak-check=full
--2725--    --num-callers=40
--2725--    --log-file=valgrind.log
--2725-- Contents of /proc/version:
--2725--   Linux version 3.19.0-32-generic (buildd@lgw01-43) (gcc version 4.8.2 (Ubuntu 4.8.2-19ubuntu1) ) #37~14.04.1-Ubuntu SMP Thu Oct 22 09:41:40 UTC 2015
--2725-- Arch and hwcaps: AMD64, LittleEndian, amd64-cx16-rdtscp-sse3-avx
--2725-- Page sizes: currently 4096, max supported 4096
--2725-- Valgrind library directory: /usr/lib/valgrind
--2725-- Reading syms from /media/sf_Studium_-_Informatik/Grundlagen der Programmierung 2/Uebungen/Uebung5/GPR2UE5/fightclub
--2725-- Reading syms from /lib/x86_64-linux-gnu/ld-2.19.so
--2725--   Considering /lib/x86_64-linux-gnu/ld-2.19.so ..
--2725--   .. CRC mismatch (computed ef2bc4a1 wanted 12987a55)
--2725--   Considering /usr/lib/debug/lib/x86_64-linux-gnu/ld-2.19.so ..
--2725--   .. CRC is valid
--2725-- Reading syms from /usr/lib/valgrind/memcheck-amd64-linux
--2725--   Considering /usr/lib/valgrind/memcheck-amd64-linux ..
--2725--   .. CRC mismatch (computed 4f1eed43 wanted a323a3ab)
--2725--    object doesn't have a symbol table
--2725--    object doesn't have a dynamic symbol table
--2725-- Scheduler: using generic scheduler lock implementation.
--2725-- Reading suppressions file: /usr/lib/valgrind/default.supp
==2725== embedded gdbserver: reading from /tmp/vgdb-pipe-from-vgdb-to-2725-by-root-on-???
==2725== embedded gdbserver: writing to   /tmp/vgdb-pipe-to-vgdb-from-2725-by-root-on-???
==2725== embedded gdbserver: shared mem   /tmp/vgdb-pipe-shared-mem-vgdb-2725-by-root-on-???
==2725== 
==2725== TO CONTROL THIS PROCESS USING vgdb (which you probably
==2725== don't want to do, unless you know exactly what you're doing,
==2725== or are doing some strange experiment):
==2725==   /usr/lib/valgrind/../../bin/vgdb --pid=2725 ...command...
==2725== 
==2725== TO DEBUG THIS PROCESS USING GDB: start GDB like this
==2725==   /path/to/gdb ./fightclub
==2725== and then give GDB the following command
==2725==   target remote | /usr/lib/valgrind/../../bin/vgdb --pid=2725
==2725== --pid is optional if only one valgrind process is running
==2725== 
--2725-- REDIR: 0x4019ca0 (ld-linux-x86-64.so.2:strlen) redirected to 0x380764b1 (???)
--2725-- Reading syms from /usr/lib/valgrind/vgpreload_core-amd64-linux.so
--2725--   Considering /usr/lib/valgrind/vgpreload_core-amd64-linux.so ..
--2725--   .. CRC mismatch (computed fc68135e wanted 45f5e986)
--2725--    object doesn't have a symbol table
--2725-- Reading syms from /usr/lib/valgrind/vgpreload_memcheck-amd64-linux.so
--2725--   Considering /usr/lib/valgrind/vgpreload_memcheck-amd64-linux.so ..
--2725--   .. CRC mismatch (computed ae683f7e wanted 08c06df2)
--2725--    object doesn't have a symbol table
==2725== WARNING: new redirection conflicts with existing -- ignoring it
--2725--     old: 0x04019ca0 (strlen              ) R-> (0000.0) 0x380764b1 ???
--2725--     new: 0x04019ca0 (strlen              ) R-> (2007.0) 0x04c2e1a0 strlen
--2725-- REDIR: 0x4019a50 (ld-linux-x86-64.so.2:index) redirected to 0x4c2dd50 (index)
--2725-- REDIR: 0x4019c70 (ld-linux-x86-64.so.2:strcmp) redirected to 0x4c2f2f0 (strcmp)
--2725-- REDIR: 0x401a9c0 (ld-linux-x86-64.so.2:mempcpy) redirected to 0x4c31da0 (mempcpy)
--2725-- Reading syms from /usr/lib/x86_64-linux-gnu/libstdc++.so.6.0.19
--2725--   Considering /usr/lib/x86_64-linux-gnu/libstdc++.so.6.0.19 ..
--2725--   .. CRC mismatch (computed 5ce96d3c wanted bf86fabd)
--2725--    object doesn't have a symbol table
--2725-- Reading syms from /lib/x86_64-linux-gnu/libgcc_s.so.1
--2725--   Considering /lib/x86_64-linux-gnu/libgcc_s.so.1 ..
--2725--   .. CRC mismatch (computed ea519b66 wanted 0c00ddb3)
--2725--    object doesn't have a symbol table
--2725-- Reading syms from /lib/x86_64-linux-gnu/libc-2.19.so
--2725--   Considering /lib/x86_64-linux-gnu/libc-2.19.so ..
--2725--   .. CRC mismatch (computed 600bae51 wanted b4d0580d)
--2725--   Considering /usr/lib/debug/lib/x86_64-linux-gnu/libc-2.19.so ..
--2725--   .. CRC is valid
--2725-- Reading syms from /lib/x86_64-linux-gnu/libm-2.19.so
--2725--   Considering /lib/x86_64-linux-gnu/libm-2.19.so ..
--2725--   .. CRC mismatch (computed 0fbb5cf0 wanted cac31e3b)
--2725--   Considering /usr/lib/debug/lib/x86_64-linux-gnu/libm-2.19.so ..
--2725--   .. CRC is valid
--2725-- REDIR: 0x53ddd60 (libc.so.6:strcasecmp) redirected to 0x4a25720 (_vgnU_ifunc_wrapper)
--2725-- REDIR: 0x53e0050 (libc.so.6:strncasecmp) redirected to 0x4a25720 (_vgnU_ifunc_wrapper)
--2725-- REDIR: 0x53dd530 (libc.so.6:memcpy@GLIBC_2.2.5) redirected to 0x4a25720 (_vgnU_ifunc_wrapper)
--2725-- REDIR: 0x53db7c0 (libc.so.6:rindex) redirected to 0x4c2da30 (rindex)
--2725-- REDIR: 0x53d9ac0 (libc.so.6:strlen) redirected to 0x4c2e0e0 (strlen)
--2725-- REDIR: 0x53dcfa0 (libc.so.6:__GI_memcmp) redirected to 0x4c30b80 (__GI_memcmp)
--2725-- REDIR: 0x53d8070 (libc.so.6:strcmp) redirected to 0x4a25720 (_vgnU_ifunc_wrapper)
--2725-- REDIR: 0x5491200 (libc.so.6:__strcmp_ssse3) redirected to 0x4c2f1b0 (strcmp)
--2725-- REDIR: 0x53e2730 (libc.so.6:memcpy@@GLIBC_2.14) redirected to 0x4a25720 (_vgnU_ifunc_wrapper)
--2725-- REDIR: 0x53e8fd0 (libc.so.6:__memcpy_sse2_unaligned) redirected to 0x4c2f6b0 (memcpy@@GLIBC_2.14)
--2725-- REDIR: 0x53dcf60 (libc.so.6:bcmp) redirected to 0x4a25720 (_vgnU_ifunc_wrapper)
--2725-- REDIR: 0x54b1060 (libc.so.6:__memcmp_sse4_1) redirected to 0x4c30c00 (__memcmp_sse4_1)
--2725-- REDIR: 0x4e95d90 (libstdc++.so.6:operator new(unsigned long)) redirected to 0x4c2b070 (operator new(unsigned long))
--2725-- REDIR: 0x53d3750 (libc.so.6:malloc) redirected to 0x4c2ab10 (malloc)
--2725-- REDIR: 0x53dc410 (libc.so.6:__GI_strstr) redirected to 0x4c32030 (__strstr_sse2)
--2725-- REDIR: 0x4e940f0 (libstdc++.so.6:operator delete(void*)) redirected to 0x4c2c250 (operator delete(void*))
--2725-- REDIR: 0x53e2780 (libc.so.6:__GI_memcpy) redirected to 0x4c2fc90 (__GI_memcpy)
--2725-- REDIR: 0x53d3df0 (libc.so.6:free) redirected to 0x4c2bd80 (free)
--2725-- REDIR: 0x53e4ac0 (libc.so.6:strchrnul) redirected to 0x4c319b0 (strchrnul)
--2725-- REDIR: 0x54a1090 (libc.so.6:__memmove_ssse3_back) redirected to 0x4c2f450 (memcpy@GLIBC_2.2.5)
==2725== Invalid read of size 8
==2725==    at 0x4050A7: _M_data (basic_string.h:293)
==2725==    by 0x4050A7: _M_rep (basic_string.h:301)
==2725==    by 0x4050A7: size (basic_string.h:716)
==2725==    by 0x4050A7: operator<< <char, std::char_traits<char>, std::allocator<char> > (basic_string.h:2758)
==2725==    by 0x4050A7: fightLastManStanding() (fights.cpp:197)
==2725==    by 0x401CDC: main (fightclub.cpp:56)
==2725==  Address 0x8 is not stack'd, malloc'd or (recently) free'd
==2725== 
==2725== 
==2725== Process terminating with default action of signal 11 (SIGSEGV)
==2725==  Access not within mapped region at address 0x8
==2725==    at 0x4050A7: _M_data (basic_string.h:293)
==2725==    by 0x4050A7: _M_rep (basic_string.h:301)
==2725==    by 0x4050A7: size (basic_string.h:716)
==2725==    by 0x4050A7: operator<< <char, std::char_traits<char>, std::allocator<char> > (basic_string.h:2758)
==2725==    by 0x4050A7: fightLastManStanding() (fights.cpp:197)
==2725==    by 0x401CDC: main (fightclub.cpp:56)
==2725==  If you believe this happened as a result of a stack
==2725==  overflow in your program's main thread (unlikely but
==2725==  possible), you can try to increase the size of the
==2725==  main thread stack using the --main-stacksize= flag.
==2725==  The main thread stack size used in this run was 16777216.
==2725== 
==2725== HEAP SUMMARY:
==2725==     in use at exit: 344 bytes in 10 blocks
==2725==   total heap usage: 208 allocs, 198 frees, 48,150 bytes allocated
==2725== 
==2725== Searching for pointers to 10 not-freed blocks
==2725== Checked 196,160 bytes
==2725== 
==2725== 26 bytes in 1 blocks are possibly lost in loss record 1 of 8
==2725==    at 0x4C2B0E0: operator new(unsigned long) (in /usr/lib/valgrind/vgpreload_memcheck-amd64-linux.so)
==2725==    by 0x4EF1248: std::string::_Rep::_S_create(unsigned long, unsigned long, std::allocator<char> const&) (in /usr/lib/x86_64-linux-gnu/libstdc++.so.6.0.19)
==2725==    by 0x4EF1E0A: std::string::_Rep::_M_clone(std::allocator<char> const&, unsigned long) (in /usr/lib/x86_64-linux-gnu/libstdc++.so.6.0.19)
==2725==    by 0x4EF1EA3: std::string::reserve(unsigned long) (in /usr/lib/x86_64-linux-gnu/libstdc++.so.6.0.19)
==2725==    by 0x4EACF5E: std::basic_istream<char, std::char_traits<char> >& std::getline<char, std::char_traits<char>, std::allocator<char> >(std::basic_istream<char, std::char_traits<char> >&, std::basic_string<char, std::char_traits<char>, std::allocator<char> >&, char) (in /usr/lib/x86_64-linux-gnu/libstdc++.so.6.0.19)
==2725==    by 0x401C56: getline<char, std::char_traits<char>, std::allocator<char> > (basic_string.h:2795)
==2725==    by 0x401C56: main (fightclub.cpp:51)
==2725== 
==2725== 26 bytes in 1 blocks are possibly lost in loss record 2 of 8
==2725==    at 0x4C2B0E0: operator new(unsigned long) (in /usr/lib/valgrind/vgpreload_memcheck-amd64-linux.so)
==2725==    by 0x4EF1248: std::string::_Rep::_S_create(unsigned long, unsigned long, std::allocator<char> const&) (in /usr/lib/x86_64-linux-gnu/libstdc++.so.6.0.19)
==2725==    by 0x4EF1E0A: std::string::_Rep::_M_clone(std::allocator<char> const&, unsigned long) (in /usr/lib/x86_64-linux-gnu/libstdc++.so.6.0.19)
==2725==    by 0x4EF1EA3: std::string::reserve(unsigned long) (in /usr/lib/x86_64-linux-gnu/libstdc++.so.6.0.19)
==2725==    by 0x4EACF5E: std::basic_istream<char, std::char_traits<char> >& std::getline<char, std::char_traits<char>, std::allocator<char> >(std::basic_istream<char, std::char_traits<char> >&, std::basic_string<char, std::char_traits<char>, std::allocator<char> >&, char) (in /usr/lib/x86_64-linux-gnu/libstdc++.so.6.0.19)
==2725==    by 0x405986: getline<char, std::char_traits<char>, std::allocator<char> > (basic_string.h:2795)
==2725==    by 0x405986: fightOneOnOne(bool) (fights.cpp:126)
==2725==    by 0x401CEE: main (fightclub.cpp:58)
==2725== 
==2725== 52 bytes in 2 blocks are possibly lost in loss record 7 of 8
==2725==    at 0x4C2B0E0: operator new(unsigned long) (in /usr/lib/valgrind/vgpreload_memcheck-amd64-linux.so)
==2725==    by 0x4EF1248: std::string::_Rep::_S_create(unsigned long, unsigned long, std::allocator<char> const&) (in /usr/lib/x86_64-linux-gnu/libstdc++.so.6.0.19)
==2725==    by 0x4EF1E0A: std::string::_Rep::_M_clone(std::allocator<char> const&, unsigned long) (in /usr/lib/x86_64-linux-gnu/libstdc++.so.6.0.19)
==2725==    by 0x4EF1EA3: std::string::reserve(unsigned long) (in /usr/lib/x86_64-linux-gnu/libstdc++.so.6.0.19)
==2725==    by 0x4EACF5E: std::basic_istream<char, std::char_traits<char> >& std::getline<char, std::char_traits<char>, std::allocator<char> >(std::basic_istream<char, std::char_traits<char> >&, std::basic_string<char, std::char_traits<char>, std::allocator<char> >&, char) (in /usr/lib/x86_64-linux-gnu/libstdc++.so.6.0.19)
==2725==    by 0x4029BB: getline<char, std::char_traits<char>, std::allocator<char> > (basic_string.h:2795)
==2725==    by 0x4029BB: createFighter() (fightercreation.cpp:25)
==2725==    by 0x401D09: main (fightclub.cpp:62)
==2725== 
==2725== LEAK SUMMARY:
==2725==    definitely lost: 0 bytes in 0 blocks
==2725==    indirectly lost: 0 bytes in 0 blocks
==2725==      possibly lost: 104 bytes in 4 blocks
==2725==    still reachable: 240 bytes in 6 blocks
==2725==         suppressed: 0 bytes in 0 blocks
==2725== Reachable blocks (those to which a pointer was found) are not shown.
==2725== To see them, rerun with: --leak-check=full --show-leak-kinds=all
==2725== 
==2725== ERROR SUMMARY: 4 errors from 4 contexts (suppressed: 0 from 0)
==2725== 
==2725== 1 errors in context 1 of 4:
==2725== Invalid read of size 8
==2725==    at 0x4050A7: _M_data (basic_string.h:293)
==2725==    by 0x4050A7: _M_rep (basic_string.h:301)
==2725==    by 0x4050A7: size (basic_string.h:716)
==2725==    by 0x4050A7: operator<< <char, std::char_traits<char>, std::allocator<char> > (basic_string.h:2758)
==2725==    by 0x4050A7: fightLastManStanding() (fights.cpp:197)
==2725==    by 0x401CDC: main (fightclub.cpp:56)
==2725==  Address 0x8 is not stack'd, malloc'd or (recently) free'd
==2725== 
==2725== ERROR SUMMARY: 4 errors from 4 contexts (suppressed: 0 from 0)
